<?xml version="1.0" encoding="UTF-8"?>
<testsuite xmlns:xsi="http://www.w3.org/2001/XMLSchema-instance" xsi:schemaLocation="https://maven.apache.org/surefire/maven-surefire-plugin/xsd/surefire-test-report.xsd" name="Step_definitions.RunnerTest" time="116.936" tests="75" errors="0" skipped="0" failures="0">
  <properties>
[...]
</properties>
  <testcase name="Given I am on the home page" classname="Scenario: As a user I want to reset my Password" time="0.003"/>
  <testcase name="And I see a logo Banner" classname="Scenario: As a user I want to reset my Password" time="0"/>
  <testcase name="And I click SignIn button" classname="Scenario: As a user I want to reset my Password" time="0"/>
  <testcase name="And I click forgot password Link" classname="Scenario: As a user I want to reset my Password" time="0.001"/>
  <testcase name="And I enter user email &quot;maxtest964@gmail.com&quot; details" classname="Scenario: As a user I want to reset my Password" time="0"/>
  <testcase name="And I click retrieve password button" classname="Scenario: As a user I want to reset my Password" time="0"/>
  <testcase name="Then I should see a confirmation message" classname="Scenario: As a user I want to reset my Password" time="0"/>
  <testcase name="And I click back to login button" classname="Scenario: As a user I want to reset my Password" time="0"/>
  <testcase name="Scenario: As a user I want to reset my Password" classname="Scenario: As a user I want to reset my Password" time="0.002"/>
  <testcase name="Given I am on the home page" classname="Scenario: As a user I want to see an error reset my Password with unregistered email" time="0.001"/>
  <testcase name="And I see a logo Banner" classname="Scenario: As a user I want to see an error reset my Password with unregistered email" time="0"/>
  <testcase name="When I click SignIn button" classname="Scenario: As a user I want to see an error reset my Password with unregistered email" time="0"/>
  <testcase name="And I click forgot password Link" classname="Scenario: As a user I want to see an error reset my Password with unregistered email" time="0"/>
  <testcase name="And I enter unregistered user email &quot;maxtest77@gmail.com&quot; details" classname="Scenario: As a user I want to see an error reset my Password with unregistered email" time="0.001"/>
  <testcase name="And I click retrieve password button" classname="Scenario: As a user I want to see an error reset my Password with unregistered email" time="0"/>
  <testcase name="Then I should see an error message" classname="Scenario: As a user I want to see an error reset my Password with unregistered email" time="0"/>
  <testcase name="And I click back to login button" classname="Scenario: As a user I want to see an error reset my Password with unregistered email" time="0"/>
  <testcase name="Scenario: As a user I want to see an error reset my Password with unregistered email" classname="Scenario: As a user I want to see an error reset my Password with unregistered email" time="0"/>
  <testcase name="Given I am on the home page" classname="| bradj4244@gmail.com | WrongPWD1 | Authentication failed. |" time="0"/>
  <testcase name="And I see a logo Banner" classname="| bradj4244@gmail.com | WrongPWD1 | Authentication failed. |" time="0"/>
  <testcase name="When I click SignIn button" classname="| bradj4244@gmail.com | WrongPWD1 | Authentication failed. |" time="0"/>
  <testcase name="And I enter user email &quot;bradj4244@gmail.com&quot; details" classname="| bradj4244@gmail.com | WrongPWD1 | Authentication failed. |" time="0"/>
  <testcase name="And I enter user password &quot;WrongPWD1&quot; details" classname="| bradj4244@gmail.com | WrongPWD1 | Authentication failed. |" time="0"/>
  <testcase name="And I click the Login Button" classname="| bradj4244@gmail.com | WrongPWD1 | Authentication failed. |" time="0"/>
  <testcase name="Then I should see an error &quot;Authentication failed.&quot; message details" classname="| bradj4244@gmail.com | WrongPWD1 | Authentication failed. |" time="0"/>
  <testcase name="| bradj4244@gmail.com | WrongPWD1 | Authentication failed. |" classname="| bradj4244@gmail.com | WrongPWD1 | Authentication failed. |" time="0"/>
  <testcase name="Given I am on the home page" classname="| bradjohn21@yahoo.com |  | Password is required. |" time="0"/>
  <testcase name="And I see a logo Banner" classname="| bradjohn21@yahoo.com |  | Password is required. |" time="0"/>
  <testcase name="When I click SignIn button" classname="| bradjohn21@yahoo.com |  | Password is required. |" time="0"/>
  <testcase name="And I enter user email &quot;bradjohn21@yahoo.com&quot; details" classname="| bradjohn21@yahoo.com |  | Password is required. |" time="0"/>
  <testcase name="And I enter user password &quot;&quot; details" classname="| bradjohn21@yahoo.com |  | Password is required. |" time="0"/>
  <testcase name="And I click the Login Button" classname="| bradjohn21@yahoo.com |  | Password is required. |" time="0"/>
  <testcase name="Then I should see an error &quot;Password is required.&quot; message details" classname="| bradjohn21@yahoo.com |  | Password is required. |" time="0"/>
  <testcase name="| bradjohn21@yahoo.com |  | Password is required. |" classname="| bradjohn21@yahoo.com |  | Password is required. |" time="0.001"/>
  <testcase name="Given I am on the home page" classname="|  | Tomorrow1 | An email address required. |" time="0"/>
  <testcase name="And I see a logo Banner" classname="|  | Tomorrow1 | An email address required. |" time="0"/>
  <testcase name="When I click SignIn button" classname="|  | Tomorrow1 | An email address required. |" time="0"/>
  <testcase name="And I enter user email &quot;&quot; details" classname="|  | Tomorrow1 | An email address required. |" time="0"/>
  <testcase name="And I enter user password &quot;Tomorrow1&quot; details" classname="|  | Tomorrow1 | An email address required. |" time="0"/>
  <testcase name="And I click the Login Button" classname="|  | Tomorrow1 | An email address required. |" time="0"/>
  <testcase name="Then I should see an error &quot;An email address required.&quot; message details" classname="|  | Tomorrow1 | An email address required. |" time="0"/>
  <testcase name="|  | Tomorrow1 | An email address required. |" classname="|  | Tomorrow1 | An email address required. |" time="0"/>
  <testcase name="Given I am on the home page" classname="| wrongemail@hotmail.com | WrongPWD2 | Authentication failed. |" time="0"/>
  <testcase name="And I see a logo Banner" classname="| wrongemail@hotmail.com | WrongPWD2 | Authentication failed. |" time="0"/>
  <testcase name="When I click SignIn button" classname="| wrongemail@hotmail.com | WrongPWD2 | Authentication failed. |" time="0.001"/>
  <testcase name="And I enter user email &quot;wrongemail@hotmail.com&quot; details" classname="| wrongemail@hotmail.com | WrongPWD2 | Authentication failed. |" time="0"/>
  <testcase name="And I enter user password &quot;WrongPWD2&quot; details" classname="| wrongemail@hotmail.com | WrongPWD2 | Authentication failed. |" time="0"/>
  <testcase name="And I click the Login Button" classname="| wrongemail@hotmail.com | WrongPWD2 | Authentication failed. |" time="0"/>
  <testcase name="Then I should see an error &quot;Authentication failed.&quot; message details" classname="| wrongemail@hotmail.com | WrongPWD2 | Authentication failed. |" time="0"/>
  <testcase name="| wrongemail@hotmail.com | WrongPWD2 | Authentication failed. |" classname="| wrongemail@hotmail.com | WrongPWD2 | Authentication failed. |" time="0"/>
  <testcase name="Given I am on the home page" classname="|  |  | An email address required. |" time="0"/>
  <testcase name="And I see a logo Banner" classname="|  |  | An email address required. |" time="0"/>
  <testcase name="When I click SignIn button" classname="|  |  | An email address required. |" time="0"/>
  <testcase name="And I enter user email &quot;&quot; details" classname="|  |  | An email address required. |" time="0"/>
  <testcase name="And I enter user password &quot;&quot; details" classname="|  |  | An email address required. |" time="0"/>
  <testcase name="And I click the Login Button" classname="|  |  | An email address required. |" time="0"/>
  <testcase name="Then I should see an error &quot;An email address required.&quot; message details" classname="|  |  | An email address required. |" time="0"/>
  <testcase name="|  |  | An email address required. |" classname="|  |  | An email address required. |" time="0"/>
  <testcase name="Given I am on the home page" classname="| bradjohn47@aol.com | ********** | Authentication failed. |" time="0"/>
  <testcase name="And I see a logo Banner" classname="| bradjohn47@aol.com | ********** | Authentication failed. |" time="0"/>
  <testcase name="When I click SignIn button" classname="| bradjohn47@aol.com | ********** | Authentication failed. |" time="0"/>
  <testcase name="And I enter user email &quot;bradjohn47@aol.com&quot; details" classname="| bradjohn47@aol.com | ********** | Authentication failed. |" time="0"/>
  <testcase name="And I enter user password &quot;**********&quot; details" classname="| bradjohn47@aol.com | ********** | Authentication failed. |" time="0"/>
  <testcase name="And I click the Login Button" classname="| bradjohn47@aol.com | ********** | Authentication failed. |" time="0"/>
  <testcase name="Then I should see an error &quot;Authentication failed.&quot; message details" classname="| bradjohn47@aol.com | ********** | Authentication failed. |" time="0"/>
  <testcase name="| bradjohn47@aol.com | ********** | Authentication failed. |" classname="| bradjohn47@aol.com | ********** | Authentication failed. |" time="0"/>
  <testcase name="Given I am on the home page" classname="| bradj4244@gmail.com | Tomorrow1 |" time="0"/>
  <testcase name="And I see a logo Banner" classname="| bradj4244@gmail.com | Tomorrow1 |" time="0"/>
  <testcase name="When I click SignIn button" classname="| bradj4244@gmail.com | Tomorrow1 |" time="0"/>
  <testcase name="And I enter user email &quot;bradj4244@gmail.com&quot; details" classname="| bradj4244@gmail.com | Tomorrow1 |" time="0"/>
  <testcase name="And I enter user password &quot;Tomorrow1&quot; details" classname="| bradj4244@gmail.com | Tomorrow1 |" time="0"/>
  <testcase name="And I click the Login Button" classname="| bradj4244@gmail.com | Tomorrow1 |" time="0"/>
  <testcase name="Then I should be logged in successfully" classname="| bradj4244@gmail.com | Tomorrow1 |" time="0"/>
  <testcase name="And I Sign out" classname="| bradj4244@gmail.com | Tomorrow1 |" time="0"/>
  <testcase name="| bradj4244@gmail.com | Tomorrow1 |" classname="| bradj4244@gmail.com | Tomorrow1 |" time="0"/>
</testsuite>